This is pdfTeX, Version 3.14159265-2.6-1.40.20 (MiKTeX 2.9.7000 64-bit) (preloaded format=pdflatex 2019.5.11)  11 MAY 2019 19:50
entering extended mode
**"./Dynamic Decoupling of Multi-Axis Force Sensor based on Incremental Learnin
g.tex"

("Dynamic Decoupling of Multi-Axis Force Sensor based on Incremental Learning.t
ex"
LaTeX2e <2018-12-01>
(D:\Software\MiKTex\tex/latex/ctex\ctexart.cls
(D:\Software\MiKTex\tex/latex/l3kernel\expl3.sty
Package: expl3 2019-05-09 L3 programming layer (loader) 

(D:\Software\MiKTex\tex/latex/l3kernel\expl3-code.tex
Package: expl3 2019-05-09 L3 programming layer (code)
\c_max_int=\count80
\l_tmpa_int=\count81
\l_tmpb_int=\count82
\g_tmpa_int=\count83
\g_tmpb_int=\count84
\g__kernel_prg_map_int=\count85
\c__ior_term_ior=\count86
\c_log_iow=\count87
\l_iow_line_count_int=\count88
\l__iow_line_target_int=\count89
\l__iow_one_indent_int=\count90
\l__iow_indent_int=\count91
\c_zero_dim=\dimen102
\c_max_dim=\dimen103
\l_tmpa_dim=\dimen104
\l_tmpb_dim=\dimen105
\g_tmpa_dim=\dimen106
\g_tmpb_dim=\dimen107
\c_zero_skip=\skip41
\c_max_skip=\skip42
\l_tmpa_skip=\skip43
\l_tmpb_skip=\skip44
\g_tmpa_skip=\skip45
\g_tmpb_skip=\skip46
\c_zero_muskip=\muskip10
\c_max_muskip=\muskip11
\l_tmpa_muskip=\muskip12
\l_tmpb_muskip=\muskip13
\g_tmpa_muskip=\muskip14
\g_tmpb_muskip=\muskip15
\l_keys_choice_int=\count92
\l__intarray_loop_int=\count93
\c__intarray_sp_dim=\dimen108
\g__intarray_font_int=\count94
\c__fp_leading_shift_int=\count95
\c__fp_middle_shift_int=\count96
\c__fp_trailing_shift_int=\count97
\c__fp_big_leading_shift_int=\count98
\c__fp_big_middle_shift_int=\count99
\c__fp_big_trailing_shift_int=\count100
\c__fp_Bigg_leading_shift_int=\count101
\c__fp_Bigg_middle_shift_int=\count102
\c__fp_Bigg_trailing_shift_int=\count103
\c__kernel_randint_max_int=\count104
\g__fp_array_int=\count105
\l__fp_array_loop_int=\count106
\l__sort_length_int=\count107
\l__sort_min_int=\count108
\l__sort_top_int=\count109
\l__sort_max_int=\count110
\l__sort_true_max_int=\count111
\l__sort_block_int=\count112
\l__sort_begin_int=\count113
\l__sort_end_int=\count114
\l__sort_A_int=\count115
\l__sort_B_int=\count116
\l__sort_C_int=\count117
\l__tl_analysis_normal_int=\count118
\l__tl_analysis_index_int=\count119
\l__tl_analysis_nesting_int=\count120
\l__tl_analysis_type_int=\count121
\l__regex_internal_a_int=\count122
\l__regex_internal_b_int=\count123
\l__regex_internal_c_int=\count124
\l__regex_balance_int=\count125
\l__regex_group_level_int=\count126
\l__regex_mode_int=\count127
\c__regex_cs_in_class_mode_int=\count128
\c__regex_cs_mode_int=\count129
\l__regex_catcodes_int=\count130
\l__regex_default_catcodes_int=\count131
\c__regex_catcode_D_int=\count132
\c__regex_catcode_S_int=\count133
\c__regex_catcode_L_int=\count134
\c__regex_catcode_O_int=\count135
\c__regex_catcode_A_int=\count136
\c__regex_all_catcodes_int=\count137
\l__regex_show_lines_int=\count138
\l__regex_min_state_int=\count139
\l__regex_max_state_int=\count140
\l__regex_left_state_int=\count141
\l__regex_right_state_int=\count142
\l__regex_capturing_group_int=\count143
\l__regex_min_pos_int=\count144
\l__regex_max_pos_int=\count145
\l__regex_curr_pos_int=\count146
\l__regex_start_pos_int=\count147
\l__regex_success_pos_int=\count148
\l__regex_curr_char_int=\count149
\l__regex_curr_catcode_int=\count150
\l__regex_last_char_int=\count151
\l__regex_case_changed_char_int=\count152
\l__regex_curr_state_int=\count153
\l__regex_step_int=\count154
\l__regex_min_active_int=\count155
\l__regex_max_active_int=\count156
\l__regex_replacement_csnames_int=\count157
\l__regex_match_count_int=\count158
\l__regex_min_submatch_int=\count159
\l__regex_submatch_int=\count160
\l__regex_zeroth_submatch_int=\count161
\g__regex_trace_regex_int=\count162
\c_empty_box=\box27
\l_tmpa_box=\box28
\l_tmpb_box=\box29
\g_tmpa_box=\box30
\g_tmpb_box=\box31
\l__box_top_dim=\dimen109
\l__box_bottom_dim=\dimen110
\l__box_left_dim=\dimen111
\l__box_right_dim=\dimen112
\l__box_top_new_dim=\dimen113
\l__box_bottom_new_dim=\dimen114
\l__box_left_new_dim=\dimen115
\l__box_right_new_dim=\dimen116
\l__box_internal_box=\box32
\l__coffin_internal_box=\box33
\l__coffin_internal_dim=\dimen117
\l__coffin_offset_x_dim=\dimen118
\l__coffin_offset_y_dim=\dimen119
\l__coffin_x_dim=\dimen120
\l__coffin_y_dim=\dimen121
\l__coffin_x_prime_dim=\dimen122
\l__coffin_y_prime_dim=\dimen123
\c_empty_coffin=\box34
\l__coffin_aligned_coffin=\box35
\l__coffin_aligned_internal_coffin=\box36
\l_tmpa_coffin=\box37
\l_tmpb_coffin=\box38
\g_tmpa_coffin=\box39
\g_tmpb_coffin=\box40
\l__coffin_bounding_shift_dim=\dimen124
\l__coffin_left_corner_dim=\dimen125
\l__coffin_right_corner_dim=\dimen126
\l__coffin_bottom_corner_dim=\dimen127
\l__coffin_top_corner_dim=\dimen128
\l__coffin_scaled_total_height_dim=\dimen129
\l__coffin_scaled_width_dim=\dimen130
\c__coffin_empty_coffin=\box41
\l__coffin_display_coffin=\box42
\l__coffin_display_coord_coffin=\box43
\l__coffin_display_pole_coffin=\box44
\l__coffin_display_offset_dim=\dimen131
\l__coffin_display_x_dim=\dimen132
\l__coffin_display_y_dim=\dimen133
\g__file_internal_ior=\read1
\l__seq_internal_a_int=\count163
\l__seq_internal_b_int=\count164
\c__deprecation_minus_one=\count165
)
(D:\Software\MiKTex\tex/latex/l3kernel\l3pdfmode.def
File: l3pdfmode.def 2019-04-06 v L3 Experimental driver: PDF mode
\l__driver_internal_box=\box45
\l__driver_color_stack_int=\count166
))
Document Class: ctexart 2019/04/07 v2.4.15 Chinese adapter for class article (C
TEX)
(D:\Software\MiKTex\tex/latex/l3packages/xparse\xparse.sty
Package: xparse 2019-05-03 L3 Experimental document command parser
\l__xparse_current_arg_int=\count167
\g__xparse_grabber_int=\count168
\l__xparse_m_args_int=\count169
\l__xparse_v_nesting_int=\count170
)
(D:\Software\MiKTex\tex/latex/l3packages/l3keys2e\l3keys2e.sty
Package: l3keys2e 2019-05-03 LaTeX2e option processing using LaTeX3 keys
)
(D:\Software\MiKTex\tex/latex/ctex\ctexhook.sty
Package: ctexhook 2019/04/07 v2.4.15 Document and package hooks (CTEX)
)
(D:\Software\MiKTex\tex/latex/ctex\ctexpatch.sty
Package: ctexpatch 2019/04/07 v2.4.15 Patching commands (CTEX)
)
(D:\Software\MiKTex\tex/latex/base\fix-cm.sty
Package: fix-cm 2015/01/14 v1.1t fixes to LaTeX

(D:\Software\MiKTex\tex/latex/base\ts1enc.def
File: ts1enc.def 2001/06/05 v3.0e (jk/car/fm) Standard LaTeX file
Now handling font encoding TS1 ...
... processing UTF-8 mapping file for font encoding TS1

(D:\Software\MiKTex\tex/latex/base\ts1enc.dfu
File: ts1enc.dfu 2018/10/05 v1.2f UTF-8 support for inputenc
   defining Unicode char U+00A2 (decimal 162)
   defining Unicode char U+00A3 (decimal 163)
   defining Unicode char U+00A4 (decimal 164)
   defining Unicode char U+00A5 (decimal 165)
   defining Unicode char U+00A6 (decimal 166)
   defining Unicode char U+00A7 (decimal 167)
   defining Unicode char U+00A8 (decimal 168)
   defining Unicode char U+00A9 (decimal 169)
   defining Unicode char U+00AA (decimal 170)
   defining Unicode char U+00AC (decimal 172)
   defining Unicode char U+00AE (decimal 174)
   defining Unicode char U+00AF (decimal 175)
   defining Unicode char U+00B0 (decimal 176)
   defining Unicode char U+00B1 (decimal 177)
   defining Unicode char U+00B2 (decimal 178)
   defining Unicode char U+00B3 (decimal 179)
   defining Unicode char U+00B4 (decimal 180)
   defining Unicode char U+00B5 (decimal 181)
   defining Unicode char U+00B6 (decimal 182)
   defining Unicode char U+00B7 (decimal 183)
   defining Unicode char U+00B9 (decimal 185)
   defining Unicode char U+00BA (decimal 186)
   defining Unicode char U+00BC (decimal 188)
   defining Unicode char U+00BD (decimal 189)
   defining Unicode char U+00BE (decimal 190)
   defining Unicode char U+00D7 (decimal 215)
   defining Unicode char U+00F7 (decimal 247)
   defining Unicode char U+0192 (decimal 402)
   defining Unicode char U+02C7 (decimal 711)
   defining Unicode char U+02D8 (decimal 728)
   defining Unicode char U+02DD (decimal 733)
   defining Unicode char U+0E3F (decimal 3647)
   defining Unicode char U+2016 (decimal 8214)
   defining Unicode char U+2020 (decimal 8224)
   defining Unicode char U+2021 (decimal 8225)
   defining Unicode char U+2022 (decimal 8226)
   defining Unicode char U+2030 (decimal 8240)
   defining Unicode char U+2031 (decimal 8241)
   defining Unicode char U+203B (decimal 8251)
   defining Unicode char U+203D (decimal 8253)
   defining Unicode char U+2044 (decimal 8260)
   defining Unicode char U+204E (decimal 8270)
   defining Unicode char U+2052 (decimal 8274)
   defining Unicode char U+20A1 (decimal 8353)
   defining Unicode char U+20A4 (decimal 8356)
   defining Unicode char U+20A6 (decimal 8358)
   defining Unicode char U+20A9 (decimal 8361)
   defining Unicode char U+20AB (decimal 8363)
   defining Unicode char U+20AC (decimal 8364)
   defining Unicode char U+20B1 (decimal 8369)
   defining Unicode char U+2103 (decimal 8451)
   defining Unicode char U+2116 (decimal 8470)
   defining Unicode char U+2117 (decimal 8471)
   defining Unicode char U+211E (decimal 8478)
   defining Unicode char U+2120 (decimal 8480)
   defining Unicode char U+2122 (decimal 8482)
   defining Unicode char U+2126 (decimal 8486)
   defining Unicode char U+2127 (decimal 8487)
   defining Unicode char U+212E (decimal 8494)
   defining Unicode char U+2190 (decimal 8592)
   defining Unicode char U+2191 (decimal 8593)
   defining Unicode char U+2192 (decimal 8594)
   defining Unicode char U+2193 (decimal 8595)
   defining Unicode char U+2329 (decimal 9001)
   defining Unicode char U+232A (decimal 9002)
   defining Unicode char U+2422 (decimal 9250)
   defining Unicode char U+25E6 (decimal 9702)
   defining Unicode char U+25EF (decimal 9711)
   defining Unicode char U+266A (decimal 9834)
   defining Unicode char U+FEFF (decimal 65279)
)))
(D:\Software\MiKTex\tex/latex/ms\everysel.sty
Package: everysel 2011/10/28 v1.2 EverySelectfont Package (MS)
)
\l__ctex_tmp_int=\count171
\l__ctex_tmp_box=\box46
\l__ctex_tmp_dim=\dimen134
\g__ctex_section_depth_int=\count172
\g__ctex_font_size_int=\count173

(D:\Software\MiKTex\tex/latex/ctex/config\ctexopts.cfg
File: ctexopts.cfg 2019/04/07 v2.4.15 Option configuration file (CTEX)
)
(D:\Software\MiKTex\tex/latex/base\article.cls
Document Class: article 2018/09/03 v1.4i Standard LaTeX document class
(D:\Software\MiKTex\tex/latex/base\size10.clo
File: size10.clo 2018/09/03 v1.4i Standard LaTeX file (size option)
)
\c@part=\count174
\c@section=\count175
\c@subsection=\count176
\c@subsubsection=\count177
\c@paragraph=\count178
\c@subparagraph=\count179
\c@figure=\count180
\c@table=\count181
\abovecaptionskip=\skip47
\belowcaptionskip=\skip48
\bibindent=\dimen135
)
(D:\Software\MiKTex\tex/latex/ctex/engine\ctex-engine-pdftex.def
File: ctex-engine-pdftex.def 2019/04/07 v2.4.15 (pdf)LaTeX adapter (CTEX)

(D:\Software\MiKTex\tex/latex/cjk\CJKutf8.sty
Package: CJKutf8 2015/04/18 4.8.4

(D:\Software\MiKTex\tex/generic/oberdiek\ifpdf.sty
Package: ifpdf 2018/09/07 v3.3 Provides the ifpdf switch
)
(D:\Software\MiKTex\tex/latex/base\inputenc.sty
Package: inputenc 2018/08/11 v1.3c Input encoding file
\inpenc@prehook=\toks14
\inpenc@posthook=\toks15
)
(D:\Software\MiKTex\tex/latex/cjk\CJK.sty
Package: CJK 2015/04/18 4.8.4

(D:\Software\MiKTex\tex/latex/cjk/mule\MULEenc.sty
Package: MULEenc 2015/04/18 4.8.4
)
(D:\Software\MiKTex\tex/latex/cjk\CJK.enc
File: CJK.enc 2015/04/18 4.8.4
Now handling font encoding C00 ...
... no UTF-8 mapping file for font encoding C00
Now handling font encoding C05 ...
... no UTF-8 mapping file for font encoding C05
Now handling font encoding C09 ...
... no UTF-8 mapping file for font encoding C09
Now handling font encoding C10 ...
... no UTF-8 mapping file for font encoding C10
Now handling font encoding C20 ...
... no UTF-8 mapping file for font encoding C20
Now handling font encoding C19 ...
... no UTF-8 mapping file for font encoding C19
Now handling font encoding C40 ...
... no UTF-8 mapping file for font encoding C40
Now handling font encoding C42 ...
... no UTF-8 mapping file for font encoding C42
Now handling font encoding C43 ...
... no UTF-8 mapping file for font encoding C43
Now handling font encoding C50 ...
... no UTF-8 mapping file for font encoding C50
Now handling font encoding C52 ...
... no UTF-8 mapping file for font encoding C52
Now handling font encoding C49 ...
... no UTF-8 mapping file for font encoding C49
Now handling font encoding C60 ...
... no UTF-8 mapping file for font encoding C60
Now handling font encoding C61 ...
... no UTF-8 mapping file for font encoding C61
Now handling font encoding C63 ...
... no UTF-8 mapping file for font encoding C63
Now handling font encoding C64 ...
... no UTF-8 mapping file for font encoding C64
Now handling font encoding C65 ...
... no UTF-8 mapping file for font encoding C65
Now handling font encoding C70 ...
... no UTF-8 mapping file for font encoding C70
Now handling font encoding C31 ...
... no UTF-8 mapping file for font encoding C31
Now handling font encoding C32 ...
... no UTF-8 mapping file for font encoding C32
Now handling font encoding C33 ...
... no UTF-8 mapping file for font encoding C33
Now handling font encoding C34 ...
... no UTF-8 mapping file for font encoding C34
Now handling font encoding C35 ...
... no UTF-8 mapping file for font encoding C35
Now handling font encoding C36 ...
... no UTF-8 mapping file for font encoding C36
Now handling font encoding C37 ...
... no UTF-8 mapping file for font encoding C37
Now handling font encoding C80 ...
... no UTF-8 mapping file for font encoding C80
Now handling font encoding C81 ...
... no UTF-8 mapping file for font encoding C81
Now handling font encoding C01 ...
... no UTF-8 mapping file for font encoding C01
Now handling font encoding C11 ...
... no UTF-8 mapping file for font encoding C11
Now handling font encoding C21 ...
... no UTF-8 mapping file for font encoding C21
Now handling font encoding C41 ...
... no UTF-8 mapping file for font encoding C41
Now handling font encoding C62 ...
... no UTF-8 mapping file for font encoding C62
)
LaTeX Info: Redefining \selectfont on input line 755.
\CJK@indent=\box47
)
(D:\Software\MiKTex\tex/latex/base\fontenc.sty
Package: fontenc 2018/08/11 v2.0j Standard LaTeX package
))
(D:\Software\MiKTex\tex/latex/cjkpunct\CJKpunct.sty
Package: CJKpunct 2016/05/14 4.8.4
\CJKpunct@cnta=\count182
\CJKpunct@cntb=\count183
\CJKpunct@cntc=\count184
\CJKpunct@cntd=\count185
\CJKpunct@cnte=\count186
   defining Unicode char U+2018 (decimal 8216)
   defining Unicode char U+2019 (decimal 8217)
   defining Unicode char U+201C (decimal 8220)
   defining Unicode char U+201D (decimal 8221)
   defining Unicode char U+2014 (decimal 8212)
   defining Unicode char U+2026 (decimal 8230)

(D:\Software\MiKTex\tex/latex/cjkpunct\CJKpunct.spa))
(D:\Software\MiKTex\tex/latex/cjk\CJKspace.sty
Package: CJKspace 2015/04/18 3.8.0
)
(D:\Software\MiKTex\tex/latex/ctex\ctexspa.def
File: ctexspa.def 2019/04/07 v2.4.15 Space info for CJKpunct (CTEX)
)
(D:\Software\MiKTex\tex/latex/cjk\CJKfntef.sty
Package: CJKfntef 2015/04/18 4.8.4

(D:\Software\MiKTex\tex/latex/cjk\CJKulem.sty
Package: CJKulem 2015/04/18 4.8.4

(D:\Software\MiKTex\tex/latex/ulem\ulem.sty
\UL@box=\box48
\UL@hyphenbox=\box49
\UL@skip=\skip49
\UL@hook=\toks16
\UL@height=\dimen136
\UL@pe=\count187
\UL@pixel=\dimen137
\ULC@box=\box50
Package: ulem 2012/05/18
\ULdepth=\dimen138
)
\UL@lastkern=\dimen139
\CJK@skip=\skip50
)
\CJK@fntefSkip=\skip51
\CJK@nest=\count188
\CJK@fntefDimen=\dimen140
\CJK@underdotBox=\box51
\CJK@ULbox=\box52
\CJK@underanyskip=\dimen141
)
\ccwd=\dimen142
\l__ctex_ccglue_skip=\skip52
)
\l__ctex_ziju_dim=\dimen143

(D:\Software\MiKTex\tex/latex/zhnumber\zhnumber.sty
Package: zhnumber 2019/04/07 v2.7 Typesetting numbers with Chinese glyphs
\l__zhnum_scale_int=\count189
\l__zhnum_byte_min_int=\count190
\l__zhnum_byte_max_int=\count191

(D:\Software\MiKTex\tex/latex/zhnumber\zhnumber-utf8.cfg
File: zhnumber-utf8.cfg 2019/04/07 v2.7 Chinese numerals with UTF8 encoding
))
\l__ctex_heading_skip=\skip53

(D:\Software\MiKTex\tex/latex/ctex/scheme\ctex-scheme-chinese-article.def
File: ctex-scheme-chinese-article.def 2019/04/07 v2.4.15 Chinese scheme for art
icle (CTEX)

(D:\Software\MiKTex\tex/latex/ctex/config\ctex-name-utf8.cfg
File: ctex-name-utf8.cfg 2019/04/07 v2.4.15 Caption with encoding UTF8 (CTEX)
))
(D:\Software\MiKTex\tex/latex/ctex/fontset\ctex-fontset-windows.def
File: ctex-fontset-windows.def 2019/04/07 v2.4.15 Windows fonts definition (CTE
X)

(D:\Software\MiKTex\tex/latex/ctex/fontset\ctex-fontset-windowsnew.def
File: ctex-fontset-windowsnew.def 2019/04/07 v2.4.15 Windows fonts definition f
or Vista or later version (CTEX)

(D:\Software\MiKTex\tex/generic/ctex\zhwindowsfonts.tex
File: zhwindowsfonts.tex 2019/04/07 v2.4.15 Windows font map loader for pdfTeX 
and DVIPDFMx (CTEX)
{C:/Users/Skylark/AppData/Local/MiKTeX/2.9/pdftex/config/pdftex.map}{UGBK.sfd}{
Unicode.sfd}))))
(D:\Software\MiKTex\tex/latex/ctex/config\ctex.cfg
File: ctex.cfg 2019/04/07 v2.4.15 Configuration file (CTEX)
)
(D:\Software\MiKTex\tex/latex/geometry\geometry.sty
Package: geometry 2018/04/16 v5.8 Page Geometry

(D:\Software\MiKTex\tex/latex/graphics\keyval.sty
Package: keyval 2014/10/28 v1.15 key=value parser (DPC)
\KV@toks@=\toks17
)
(D:\Software\MiKTex\tex/generic/oberdiek\ifvtex.sty
Package: ifvtex 2016/05/16 v1.6 Detect VTeX and its facilities (HO)
Package ifvtex Info: VTeX not detected.
)
(D:\Software\MiKTex\tex/generic/ifxetex\ifxetex.sty
Package: ifxetex 2010/09/12 v0.6 Provides ifxetex conditional
)
\Gm@cnth=\count192
\Gm@cntv=\count193
\c@Gm@tempcnt=\count194
\Gm@bindingoffset=\dimen144
\Gm@wd@mp=\dimen145
\Gm@odd@mp=\dimen146
\Gm@even@mp=\dimen147
\Gm@layoutwidth=\dimen148
\Gm@layoutheight=\dimen149
\Gm@layouthoffset=\dimen150
\Gm@layoutvoffset=\dimen151
\Gm@dimlist=\toks18

(D:\Software\MiKTex\tex/latex/geometry\geometry.cfg))

Package ctex Warning: Command \CTEXsetup is deprecated.
(ctex)                \ctexset { section = { format={\Large \bfseries } } } is
(ctex)                set.

(D:\Software\MiKTex\tex/latex/amsmath\amsmath.sty
Package: amsmath 2018/12/01 v2.17b AMS math features
\@mathmargin=\skip54

For additional information on amsmath, use the `?' option.
(D:\Software\MiKTex\tex/latex/amsmath\amstext.sty
Package: amstext 2000/06/29 v2.01 AMS text

(D:\Software\MiKTex\tex/latex/amsmath\amsgen.sty
File: amsgen.sty 1999/11/30 v2.0 generic functions
\@emptytoks=\toks19
\ex@=\dimen152
))
(D:\Software\MiKTex\tex/latex/amsmath\amsbsy.sty
Package: amsbsy 1999/11/29 v1.2d Bold Symbols
\pmbraise@=\dimen153
)
(D:\Software\MiKTex\tex/latex/amsmath\amsopn.sty
Package: amsopn 2016/03/08 v2.02 operator names
)
\inf@bad=\count195
LaTeX Info: Redefining \frac on input line 223.
\uproot@=\count196
\leftroot@=\count197
LaTeX Info: Redefining \overline on input line 385.
\classnum@=\count198
\DOTSCASE@=\count199
LaTeX Info: Redefining \ldots on input line 482.
LaTeX Info: Redefining \dots on input line 485.
LaTeX Info: Redefining \cdots on input line 606.
\Mathstrutbox@=\box53
\strutbox@=\box54
\big@size=\dimen154
LaTeX Font Info:    Redeclaring font encoding OML on input line 729.
LaTeX Font Info:    Redeclaring font encoding OMS on input line 730.
\macc@depth=\count266
\c@MaxMatrixCols=\count267
\dotsspace@=\muskip16
\c@parentequation=\count268
\dspbrk@lvl=\count269
\tag@help=\toks20
\row@=\count270
\column@=\count271
\maxfields@=\count272
\andhelp@=\toks21
\eqnshift@=\dimen155
\alignsep@=\dimen156
\tagshift@=\dimen157
\tagwidth@=\dimen158
\totwidth@=\dimen159
\lineht@=\dimen160
\@envbody=\toks22
\multlinegap=\skip55
\multlinetaggap=\skip56
\mathdisplay@stack=\toks23
LaTeX Info: Redefining \[ on input line 2844.
LaTeX Info: Redefining \] on input line 2845.
)
(D:\Software\MiKTex\tex/latex/amsfonts\amsfonts.sty
Package: amsfonts 2013/01/14 v3.01 Basic AMSFonts support
\symAMSa=\mathgroup4
\symAMSb=\mathgroup5
LaTeX Font Info:    Overwriting math alphabet `\mathfrak' in version `bold'
(Font)                  U/euf/m/n --> U/euf/b/n on input line 106.
)
(D:\Software\MiKTex\tex/latex/amsfonts\amssymb.sty
Package: amssymb 2013/01/14 v3.01 AMS font symbols
)
(D:\Software\MiKTex\tex/latex/graphics\graphicx.sty
Package: graphicx 2017/06/01 v1.1a Enhanced LaTeX Graphics (DPC,SPQR)

(D:\Software\MiKTex\tex/latex/graphics\graphics.sty
Package: graphics 2017/06/25 v1.2c Standard LaTeX Graphics (DPC,SPQR)

(D:\Software\MiKTex\tex/latex/graphics\trig.sty
Package: trig 2016/01/03 v1.10 sin cos tan (DPC)
)
(D:\Software\MiKTex\tex/latex/graphics-cfg\graphics.cfg
File: graphics.cfg 2016/06/04 v1.11 sample graphics configuration
)
Package graphics Info: Driver file: pdftex.def on input line 99.

(D:\Software\MiKTex\tex/latex/graphics-def\pdftex.def
File: pdftex.def 2018/01/08 v1.0l Graphics/color driver for pdftex
))
\Gin@req@height=\dimen161
\Gin@req@width=\dimen162
)
(D:\Software\MiKTex\tex/latex/xcolor\xcolor.sty
Package: xcolor 2016/05/11 v2.12 LaTeX color extensions (UK)

(D:\Software\MiKTex\tex/latex/graphics-cfg\color.cfg
File: color.cfg 2016/01/02 v1.6 sample color configuration
)
Package xcolor Info: Driver file: pdftex.def on input line 225.
Package xcolor Info: Model `cmy' substituted by `cmy0' on input line 1348.
Package xcolor Info: Model `hsb' substituted by `rgb' on input line 1352.
Package xcolor Info: Model `RGB' extended on input line 1364.
Package xcolor Info: Model `HTML' substituted by `rgb' on input line 1366.
Package xcolor Info: Model `Hsb' substituted by `hsb' on input line 1367.
Package xcolor Info: Model `tHsb' substituted by `hsb' on input line 1368.
Package xcolor Info: Model `HSB' substituted by `hsb' on input line 1369.
Package xcolor Info: Model `Gray' substituted by `gray' on input line 1370.
Package xcolor Info: Model `wave' substituted by `hsb' on input line 1371.
)
(D:\Software\MiKTex\tex/latex/physics\physics.sty
Package: physics 
)
(D:\Software\MiKTex\tex/latex/subfigure\subfigure.sty
Package: subfigure 2002/07/30 v2.1.4 subfigure package
\subfigtopskip=\skip57
\subfigcapskip=\skip58
\subfigcaptopadj=\dimen163
\subfigbottomskip=\skip59
\subfigcapmargin=\dimen164
\subfiglabelskip=\skip60
\c@subfigure=\count273
\c@lofdepth=\count274
\c@subtable=\count275
\c@lotdepth=\count276

****************************************
* Local config file subfigure.cfg used *
****************************************
(D:\Software\MiKTex\tex/latex/subfigure\subfigure.cfg)
\subfig@top=\skip61
\subfig@bottom=\skip62
)
(D:\Software\MiKTex\tex/latex/preprint\authblk.sty
Package: authblk 2001/02/27 1.3 (PWD)
\affilsep=\skip63
\@affilsep=\skip64
\c@Maxaffil=\count277
\c@authors=\count278
\c@affil=\count279
)
(D:\Software\MiKTex\tex/latex/tools\indentfirst.sty
Package: indentfirst 1995/11/23 v1.03 Indent first paragraph (DPC)
)
(D:\Software\MiKTex\tex/latex/oberdiek\grffile.sty
Package: grffile 2017/06/30 v1.18 Extended file name support for graphics (HO)

(D:\Software\MiKTex\tex/latex/oberdiek\kvoptions.sty
Package: kvoptions 2016/05/16 v3.12 Key value format for package options (HO)

(D:\Software\MiKTex\tex/generic/oberdiek\ltxcmds.sty
Package: ltxcmds 2016/05/16 v1.23 LaTeX kernel commands for general use (HO)
)
(D:\Software\MiKTex\tex/generic/oberdiek\kvsetkeys.sty
Package: kvsetkeys 2016/05/16 v1.17 Key value parser (HO)

(D:\Software\MiKTex\tex/generic/oberdiek\infwarerr.sty
Package: infwarerr 2016/05/16 v1.4 Providing info/warning/error messages (HO)
)
(D:\Software\MiKTex\tex/generic/oberdiek\etexcmds.sty
Package: etexcmds 2016/05/16 v1.6 Avoid name clashes with e-TeX commands (HO)

(D:\Software\MiKTex\tex/generic/oberdiek\ifluatex.sty
Package: ifluatex 2016/05/16 v1.4 Provides the ifluatex switch (HO)
Package ifluatex Info: LuaTeX not detected.
))))
(D:\Software\MiKTex\tex/generic/oberdiek\pdftexcmds.sty
Package: pdftexcmds 2018/09/10 v0.29 Utility functions of pdfTeX for LuaTeX (HO
)
Package pdftexcmds Info: LuaTeX not detected.
Package pdftexcmds Info: \pdf@primitive is available.
Package pdftexcmds Info: \pdf@ifprimitive is available.
Package pdftexcmds Info: \pdfdraftmode found.
)
Package grffile Info: Option `multidot' is set to `true'.
Package grffile Info: Option `extendedchars' is set to `false'.
Package grffile Info: Option `space' is set to `true'.
Package grffile Info: \Gin@ii of package `graphicx' fixed on input line 494.
)
(D:\Software\MiKTex\tex/latex/hyperref\hyperref.sty
Package: hyperref 2018/11/30 v6.88e Hypertext links for LaTeX

(D:\Software\MiKTex\tex/generic/oberdiek\hobsub-hyperref.sty
Package: hobsub-hyperref 2016/05/16 v1.14 Bundle oberdiek, subset hyperref (HO)


(D:\Software\MiKTex\tex/generic/oberdiek\hobsub-generic.sty
Package: hobsub-generic 2016/05/16 v1.14 Bundle oberdiek, subset generic (HO)
Package: hobsub 2016/05/16 v1.14 Construct package bundles (HO)
Package hobsub Info: Skipping package `infwarerr' (already loaded).
Package hobsub Info: Skipping package `ltxcmds' (already loaded).
Package hobsub Info: Skipping package `ifluatex' (already loaded).
Package hobsub Info: Skipping package `ifvtex' (already loaded).
Package: intcalc 2016/05/16 v1.2 Expandable calculations with integers (HO)
Package hobsub Info: Skipping package `ifpdf' (already loaded).
Package hobsub Info: Skipping package `etexcmds' (already loaded).
Package hobsub Info: Skipping package `kvsetkeys' (already loaded).
Package: kvdefinekeys 2016/05/16 v1.4 Define keys (HO)
Package hobsub Info: Skipping package `pdftexcmds' (already loaded).
Package: pdfescape 2016/05/16 v1.14 Implements pdfTeX's escape features (HO)
Package: bigintcalc 2016/05/16 v1.4 Expandable calculations on big integers (HO
)
Package: bitset 2016/05/16 v1.2 Handle bit-vector datatype (HO)
Package: uniquecounter 2016/05/16 v1.3 Provide unlimited unique counter (HO)
)
Package hobsub Info: Skipping package `hobsub' (already loaded).
Package: letltxmacro 2016/05/16 v1.5 Let assignment for LaTeX macros (HO)
Package: hopatch 2016/05/16 v1.3 Wrapper for package hooks (HO)
Package: xcolor-patch 2016/05/16 xcolor patch
Package: atveryend 2016/05/16 v1.9 Hooks at the very end of document (HO)
Package atveryend Info: \enddocument detected (standard20110627).
Package: atbegshi 2016/06/09 v1.18 At begin shipout hook (HO)
Package: refcount 2016/05/16 v3.5 Data extraction from label references (HO)
Package: hycolor 2016/05/16 v1.8 Color options for hyperref/bookmark (HO)
)
(D:\Software\MiKTex\tex/latex/oberdiek\auxhook.sty
Package: auxhook 2016/05/16 v1.4 Hooks for auxiliary files (HO)
)
\@linkdim=\dimen165
\Hy@linkcounter=\count280
\Hy@pagecounter=\count281

(D:\Software\MiKTex\tex/latex/hyperref\pd1enc.def
File: pd1enc.def 2018/11/30 v6.88e Hyperref: PDFDocEncoding definition (HO)
Now handling font encoding PD1 ...
... no UTF-8 mapping file for font encoding PD1
)
\Hy@SavedSpaceFactor=\count282

(D:\Software\MiKTex\tex/latex/00miktex\hyperref.cfg
File: hyperref.cfg 2002/06/06 v1.2 hyperref configuration of TeXLive
)
Package hyperref Info: Option `unicode' set `true' on input line 4393.

(D:\Software\MiKTex\tex/latex/hyperref\puenc.def
File: puenc.def 2018/11/30 v6.88e Hyperref: PDF Unicode definition (HO)
Now handling font encoding PU ...
... no UTF-8 mapping file for font encoding PU
)
Package hyperref Info: Option `colorlinks' set `true' on input line 4393.
Package hyperref Info: Hyper figures OFF on input line 4519.
Package hyperref Info: Link nesting OFF on input line 4524.
Package hyperref Info: Hyper index ON on input line 4527.
Package hyperref Info: Plain pages OFF on input line 4534.
Package hyperref Info: Backreferencing OFF on input line 4539.
Package hyperref Info: Implicit mode ON; LaTeX internals redefined.
Package hyperref Info: Bookmarks ON on input line 4772.
\c@Hy@tempcnt=\count283

(D:\Software\MiKTex\tex/latex/url\url.sty
\Urlmuskip=\muskip17
Package: url 2013/09/16  ver 3.4  Verb mode for urls, etc.
)
LaTeX Info: Redefining \url on input line 5125.
\XeTeXLinkMargin=\dimen166
\Fld@menulength=\count284
\Field@Width=\dimen167
\Fld@charsize=\dimen168
Package hyperref Info: Hyper figures OFF on input line 6380.
Package hyperref Info: Link nesting OFF on input line 6385.
Package hyperref Info: Hyper index ON on input line 6388.
Package hyperref Info: backreferencing OFF on input line 6395.
Package hyperref Info: Link coloring ON on input line 6398.
Package hyperref Info: Link coloring with OCG OFF on input line 6405.
Package hyperref Info: PDF/A mode OFF on input line 6410.
LaTeX Info: Redefining \ref on input line 6450.
LaTeX Info: Redefining \pageref on input line 6454.
\Hy@abspage=\count285
\c@Item=\count286
\c@Hfootnote=\count287
)
Package hyperref Info: Driver (autodetected): hpdftex.

(D:\Software\MiKTex\tex/latex/hyperref\hpdftex.def
File: hpdftex.def 2018/11/30 v6.88e Hyperref driver for pdfTeX
\Fld@listcount=\count288
\c@bookmark@seq@number=\count289

(D:\Software\MiKTex\tex/latex/oberdiek\rerunfilecheck.sty
Package: rerunfilecheck 2016/05/16 v1.8 Rerun checks for auxiliary files (HO)
Package uniquecounter Info: New unique counter `rerunfilecheck' on input line 2
82.
)
\Hy@SectionHShift=\skip65
)
(D:\Software\MiKTex\tex/latex/tools\bm.sty
Package: bm 2017/01/16 v1.2c Bold Symbol Support (DPC/FMi)
\symboldoperators=\mathgroup6
\symboldletters=\mathgroup7
\symboldsymbols=\mathgroup8
LaTeX Font Info:    Redeclaring math alphabet \mathbf on input line 141.
LaTeX Info: Redefining \bm on input line 207.
)
(D:\Software\MiKTex\tex/latex/multirow\multirow.sty
Package: multirow 2019/01/01 v2.4 Span multiple rows of a table
\multirow@colwidth=\skip66
\multirow@cntb=\count290
\multirow@dima=\skip67
\bigstrutjot=\dimen169
)
(D:\Software\MiKTex\tex/latex/booktabs\booktabs.sty
Package: booktabs 2005/04/14 v1.61803 publication quality tables
\heavyrulewidth=\dimen170
\lightrulewidth=\dimen171
\cmidrulewidth=\dimen172
\belowrulesep=\dimen173
\belowbottomsep=\dimen174
\aboverulesep=\dimen175
\abovetopsep=\dimen176
\cmidrulesep=\dimen177
\cmidrulekern=\dimen178
\defaultaddspace=\dimen179
\@cmidla=\count291
\@cmidlb=\count292
\@aboverulesep=\dimen180
\@belowrulesep=\dimen181
\@thisruleclass=\count293
\@lastruleclass=\count294
\@thisrulewidth=\dimen182
)
(D:\Software\MiKTex\tex/latex/oberdiek\epstopdf.sty
Package: epstopdf 2016/05/15 v2.6 Conversion with epstopdf on the fly (HO)

(D:\Software\MiKTex\tex/latex/oberdiek\epstopdf-base.sty
Package: epstopdf-base 2016/05/15 v2.6 Base part for package epstopdf

(D:\Software\MiKTex\tex/latex/oberdiek\grfext.sty
Package: grfext 2016/05/16 v1.2 Manage graphics extensions (HO)
)
Package epstopdf-base Info: Redefining graphics rule for `.eps' on input line 4
38.
Package grfext Info: Graphics extension search list:
(grfext)             [.pdf,.png,.jpg,.mps,.jpeg,.jbig2,.jb2,.PDF,.PNG,.JPG,.JPE
G,.JBIG2,.JB2,.eps]
(grfext)             \AppendGraphicsExtensions on input line 456.
))
(D:\Software\MiKTex\tex/latex/graphics\epsfig.sty
Package: epsfig 2017/06/25 v1.7b (e)psfig emulation (SPQR)
\epsfxsize=\dimen183
\epsfysize=\dimen184
)
(D:\Software\MiKTex\tex/latex/algorithms\algorithm.sty
Package: algorithm 2009/08/24 v0.1 Document Style `algorithm' - floating enviro
nment

(D:\Software\MiKTex\tex/latex/float\float.sty
Package: float 2001/11/08 v1.3d Float enhancements (AL)
\c@float@type=\count295
\float@exts=\toks24
\float@box=\box55
\@float@everytoks=\toks25
\@floatcapt=\box56
)
(D:\Software\MiKTex\tex/latex/base\ifthen.sty
Package: ifthen 2014/09/29 v1.1c Standard LaTeX ifthen package (DPC)
)
\@float@every@algorithm=\toks26
\c@algorithm=\count296
)
(D:\Software\MiKTex\tex/latex/algorithms\algorithmic.sty
Package: algorithmic 2009/08/24 v0.1 Document Style `algorithmic'
\c@ALC@unique=\count297
\c@ALC@line=\count298
\c@ALC@rem=\count299
\c@ALC@depth=\count300
\ALC@tlm=\skip68
\algorithmicindent=\skip69
)
(D:\Software\MiKTex\tex/latex/fancyhdr\fancyhdr.sty
Package: fancyhdr 2019/01/31 v3.10 Extensive control of page headers and footer
s
\f@nch@headwidth=\skip70
\f@nch@O@elh=\skip71
\f@nch@O@erh=\skip72
\f@nch@O@olh=\skip73
\f@nch@O@orh=\skip74
\f@nch@O@elf=\skip75
\f@nch@O@erf=\skip76
\f@nch@O@olf=\skip77
\f@nch@O@orf=\skip78
)
(D:\Software\MiKTex\tex/latex/cjk/UTF8\UTF8.bdg
File: UTF8.bdg 2015/04/18 4.8.4
)
(D:\Software\MiKTex\tex/latex/cjk/UTF8\UTF8.enc
File: UTF8.enc 2015/04/18 4.8.4
)
(D:\Software\MiKTex\tex/latex/cjk/UTF8\UTF8.chr
File: UTF8.chr 2015/04/18 4.8.4
)
("Dynamic Decoupling of Multi-Axis Force Sensor based on Incremental Learning.a
ux")
\openout1 = `"Dynamic Decoupling of Multi-Axis Force Sensor based on Incrementa
l Learning.aux"'.

LaTeX Font Info:    Checking defaults for OML/cmm/m/it on input line 42.
LaTeX Font Info:    ... okay on input line 42.
LaTeX Font Info:    Checking defaults for T1/cmr/m/n on input line 42.
LaTeX Font Info:    ... okay on input line 42.
LaTeX Font Info:    Checking defaults for OT1/cmr/m/n on input line 42.
LaTeX Font Info:    ... okay on input line 42.
LaTeX Font Info:    Checking defaults for OMS/cmsy/m/n on input line 42.
LaTeX Font Info:    ... okay on input line 42.
LaTeX Font Info:    Checking defaults for OMX/cmex/m/n on input line 42.
LaTeX Font Info:    ... okay on input line 42.
LaTeX Font Info:    Checking defaults for U/cmr/m/n on input line 42.
LaTeX Font Info:    ... okay on input line 42.
LaTeX Font Info:    Checking defaults for TS1/cmr/m/n on input line 42.
LaTeX Font Info:    ... okay on input line 42.
LaTeX Font Info:    Checking defaults for C00/song/m/n on input line 42.
LaTeX Font Info:    ... okay on input line 42.
LaTeX Font Info:    Checking defaults for C05/song/m/n on input line 42.
LaTeX Font Info:    ... okay on input line 42.
LaTeX Font Info:    Checking defaults for C09/song/m/n on input line 42.
LaTeX Font Info:    ... okay on input line 42.
LaTeX Font Info:    Checking defaults for C10/song/m/n on input line 42.
LaTeX Font Info:    ... okay on input line 42.
LaTeX Font Info:    Checking defaults for C20/song/m/n on input line 42.
LaTeX Font Info:    ... okay on input line 42.
LaTeX Font Info:    Checking defaults for C19/song/m/n on input line 42.
LaTeX Font Info:    ... okay on input line 42.
LaTeX Font Info:    Checking defaults for C40/song/m/n on input line 42.
LaTeX Font Info:    ... okay on input line 42.
LaTeX Font Info:    Checking defaults for C42/song/m/n on input line 42.
LaTeX Font Info:    ... okay on input line 42.
LaTeX Font Info:    Checking defaults for C43/song/m/n on input line 42.
LaTeX Font Info:    ... okay on input line 42.
LaTeX Font Info:    Checking defaults for C50/song/m/n on input line 42.
LaTeX Font Info:    ... okay on input line 42.
LaTeX Font Info:    Checking defaults for C52/song/m/n on input line 42.
LaTeX Font Info:    ... okay on input line 42.
LaTeX Font Info:    Checking defaults for C49/song/m/n on input line 42.
LaTeX Font Info:    ... okay on input line 42.
LaTeX Font Info:    Checking defaults for C60/mj/m/n on input line 42.
LaTeX Font Info:    ... okay on input line 42.
LaTeX Font Info:    Checking defaults for C61/mj/m/n on input line 42.
LaTeX Font Info:    ... okay on input line 42.
LaTeX Font Info:    Checking defaults for C63/mj/m/n on input line 42.
LaTeX Font Info:    ... okay on input line 42.
LaTeX Font Info:    Checking defaults for C64/mj/m/n on input line 42.
LaTeX Font Info:    ... okay on input line 42.
LaTeX Font Info:    Checking defaults for C65/mj/m/n on input line 42.
LaTeX Font Info:    ... okay on input line 42.
LaTeX Font Info:    Checking defaults for C70/song/m/n on input line 42.
LaTeX Font Info:    ... okay on input line 42.
LaTeX Font Info:    Checking defaults for C31/song/m/n on input line 42.
LaTeX Font Info:    ... okay on input line 42.
LaTeX Font Info:    Checking defaults for C32/song/m/n on input line 42.
LaTeX Font Info:    ... okay on input line 42.
LaTeX Font Info:    Checking defaults for C33/song/m/n on input line 42.
LaTeX Font Info:    ... okay on input line 42.
LaTeX Font Info:    Checking defaults for C34/song/m/n on input line 42.
LaTeX Font Info:    ... okay on input line 42.
LaTeX Font Info:    Checking defaults for C35/song/m/n on input line 42.
LaTeX Font Info:    ... okay on input line 42.
LaTeX Font Info:    Checking defaults for C36/song/m/n on input line 42.
LaTeX Font Info:    ... okay on input line 42.
LaTeX Font Info:    Checking defaults for C37/song/m/n on input line 42.
LaTeX Font Info:    ... okay on input line 42.
LaTeX Font Info:    Checking defaults for C80/song/m/n on input line 42.
LaTeX Font Info:    ... okay on input line 42.
LaTeX Font Info:    Checking defaults for C81/song/m/n on input line 42.
LaTeX Font Info:    ... okay on input line 42.
LaTeX Font Info:    Checking defaults for C01/song/m/n on input line 42.
LaTeX Font Info:    ... okay on input line 42.
LaTeX Font Info:    Checking defaults for C11/song/m/n on input line 42.
LaTeX Font Info:    ... okay on input line 42.
LaTeX Font Info:    Checking defaults for C21/song/m/n on input line 42.
LaTeX Font Info:    ... okay on input line 42.
LaTeX Font Info:    Checking defaults for C41/song/m/n on input line 42.
LaTeX Font Info:    ... okay on input line 42.
LaTeX Font Info:    Checking defaults for C62/song/m/n on input line 42.
LaTeX Font Info:    ... okay on input line 42.
LaTeX Font Info:    Checking defaults for PD1/pdf/m/n on input line 42.
LaTeX Font Info:    ... okay on input line 42.
LaTeX Font Info:    Checking defaults for PU/pdf/m/n on input line 42.
LaTeX Font Info:    ... okay on input line 42.
 ABD: EverySelectfont initializing macros
LaTeX Info: Redefining \selectfont on input line 42.

*geometry* driver: auto-detecting
*geometry* detected driver: pdftex
*geometry* verbose mode - [ preamble ] result:
* driver: pdftex
* paper: a4paper
* layout: <same size as paper>
* layoutoffset:(h,v)=(0.0pt,0.0pt)
* modes: 
* h-part:(L,W,R)=(71.13188pt, 455.24411pt, 71.13188pt)
* v-part:(T,H,B)=(71.13188pt, 702.78308pt, 71.13188pt)
* \paperwidth=597.50787pt
* \paperheight=845.04684pt
* \textwidth=455.24411pt
* \textheight=702.78308pt
* \oddsidemargin=-1.1381pt
* \evensidemargin=-1.1381pt
* \topmargin=-38.1381pt
* \headheight=12.0pt
* \headsep=25.0pt
* \topskip=10.0pt
* \footskip=30.0pt
* \marginparwidth=4.0pt
* \marginparsep=10.0pt
* \columnsep=10.0pt
* \skip\footins=9.0pt plus 4.0pt minus 2.0pt
* \hoffset=0.0pt
* \voffset=0.0pt
* \mag=1000
* \@twocolumntrue
* \@twosidefalse
* \@mparswitchfalse
* \@reversemarginfalse
* (1in=72.27pt=25.4mm, 1cm=28.453pt)

(D:\Software\MiKTex\tex/context/base/mkii\supp-pdf.mkii
[Loading MPS to PDF converter (version 2006.09.02).]
\scratchcounter=\count301
\scratchdimen=\dimen185
\scratchbox=\box57
\nofMPsegments=\count302
\nofMParguments=\count303
\everyMPshowfont=\toks27
\MPscratchCnt=\count304
\MPscratchDim=\dimen186
\MPnumerator=\count305
\makeMPintoPDFobject=\count306
\everyMPtoPDFconversion=\toks28
)
\AtBeginShipoutBox=\box58
Package hyperref Info: Link coloring ON on input line 42.
 (D:\Software\MiKTex\tex/latex/hyperref\nameref.sty
Package: nameref 2016/05/21 v2.44 Cross-referencing by name of section

(D:\Software\MiKTex\tex/generic/oberdiek\gettitlestring.sty
Package: gettitlestring 2016/05/16 v1.5 Cleanup title references (HO)
)
\c@section@level=\count307
)
LaTeX Info: Redefining \ref on input line 42.
LaTeX Info: Redefining \pageref on input line 42.
LaTeX Info: Redefining \nameref on input line 42.

("Dynamic Decoupling of Multi-Axis Force Sensor based on Incremental Learning.o
ut")
("Dynamic Decoupling of Multi-Axis Force Sensor based on Incremental Learning.o
ut")
\@outlinefile=\write3
\openout3 = `"Dynamic Decoupling of Multi-Axis Force Sensor based on Incrementa
l Learning.out"'.

LaTeX Font Info:    Try loading font information for C70+rm on input line 44.
 (D:\Software\MiKTex\tex/latex/ctex/fd\c70rm.fd
File: c70rm.fd 2019/04/07 v2.4.15 Chinese font definition (CTEX)
)
LaTeX Font Info:    Try loading font information for U+msa on input line 44.

(D:\Software\MiKTex\tex/latex/amsfonts\umsa.fd
File: umsa.fd 2013/01/14 v3.01 AMS symbols A
)
LaTeX Font Info:    Try loading font information for U+msb on input line 44.

(D:\Software\MiKTex\tex/latex/amsfonts\umsb.fd
File: umsb.fd 2013/01/14 v3.01 AMS symbols B
)
LaTeX Font Info:    Try loading font information for OMS+cmr on input line 44.

(D:\Software\MiKTex\tex/latex/base\omscmr.fd
File: omscmr.fd 2014/09/29 v2.5h Standard LaTeX font definitions
)
LaTeX Font Info:    Font shape `OMS/cmr/m/n' in size <8> not available
(Font)              Font shape `OMS/cmsy/m/n' tried instead on input line 44.
LaTeX Font Info:    Font shape `OMS/cmr/m/n' in size <6> not available
(Font)              Font shape `OMS/cmsy/m/n' tried instead on input line 44.
Package CJKpunct Info: use punctuation spaces for family 'rm' with punctstyle (
quanjiao) on input line 49.
Package atveryend Info: Empty hook `BeforeClearDocument' on input line 75.

(D:\Software\MiKTex\tex/generic/ctex\zhwindowsfonts.tex
File: zhwindowsfonts.tex 2019/04/07 v2.4.15 Windows font map loader for pdfTeX 
and DVIPDFMx (CTEX)
) [1


]
Package atveryend Info: Empty hook `AfterLastShipout' on input line 75.

("Dynamic Decoupling of Multi-Axis Force Sensor based on Incremental Learning.a
ux")
Package atveryend Info: Executing hook `AtVeryEndDocument' on input line 75.
Package atveryend Info: Executing hook `AtEndAfterFileList' on input line 75.
Package rerunfilecheck Info: File `"Dynamic Decoupling of Multi-Axis Force Sens
or based on Incremental Learning".out' has not changed.
(rerunfilecheck)             Checksum: 8E6DC5EB958BED38C0634C0861A4EF4C;436.
Package atveryend Info: Empty hook `AtVeryVeryEnd' on input line 75.
 ) 
Here is how much of TeX's memory you used:
 26001 strings out of 492945
 435122 string characters out of 3139506
 482024 words of memory out of 3000000
 29389 multiletter control sequences out of 15000+200000
 567698 words of font info for 155 fonts, out of 3000000 for 9000
 1141 hyphenation exceptions out of 8191
 42i,11n,63p,1029b,397s stack positions out of 5000i,500n,10000p,200000b,50000s
<C:/Windows/Fonts/simhei.ttf><C:/Windows/Fonts/simhei.ttf><C:/Windows/Fonts/s
imhei.ttf><C:/Windows/Fonts/simhei.ttf><C:/Windows/Fonts/simhei.ttf><C:/Windows
/Fonts/simhei.ttf><C:/Windows/Fonts/simsun.ttc><C:/Windows/Fonts/simsun.ttc><C:
/Windows/Fonts/simsun.ttc><C:/Windows/Fonts/simsun.ttc><C:/Windows/Fonts/simsun
.ttc><C:/Windows/Fonts/simsun.ttc><C:/Windows/Fonts/simsun.ttc><C:/Windows/Font
s/simsun.ttc><C:/Windows/Fonts/simhei.ttf><C:/Windows/Fonts/simhei.ttf><C:/Wind
ows/Fonts/simsun.ttc><C:/Windows/Fonts/simsun.ttc><C:/Windows/Fonts/simsun.ttc>
<C:/Windows/Fonts/simsun.ttc><C:/Windows/Fonts/simsun.ttc><C:/Windows/Fonts/sim
sun.ttc><C:/Windows/Fonts/simsun.ttc><C:/Windows/Fonts/simsun.ttc><C:/Windows/F
onts/simsun.ttc><C:/Windows/Fonts/simsun.ttc><C:/Windows/Fonts/simsun.ttc><C:/W
indows/Fonts/simsun.ttc><C:/Windows/Fonts/simsun.ttc><C:/Windows/Fonts/simsun.t
tc><C:/Windows/Fonts/simsun.ttc><C:/Windows/Fonts/simsun.ttc><C:/Windows/Fonts/
simsun.ttc><C:/Windows/Fonts/simsun.ttc><C:/Windows/Fonts/simsun.ttc><C:/Window
s/Fonts/simsun.ttc><C:/Windows/Fonts/simsun.ttc><C:/Windows/Fonts/simsun.ttc><C
:/Windows/Fonts/simsun.ttc><C:/Windows/Fonts/simsun.ttc><C:/Windows/Fonts/simsu
n.ttc><C:/Windows/Fonts/simsun.ttc><C:/Windows/Fonts/simsun.ttc><C:/Windows/Fon
ts/simsun.ttc><C:/Windows/Fonts/simsun.ttc><C:/Windows/Fonts/simsun.ttc><C:/Win
dows/Fonts/simsun.ttc><C:/Windows/Fonts/simsun.ttc><C:/Windows/Fonts/simsun.ttc
><C:/Windows/Fonts/simsun.ttc><C:/Windows/Fonts/simsun.ttc><C:/Windows/Fonts/si
msun.ttc><C:/Windows/Fonts/simhei.ttf><C:/Windows/Fonts/simhei.ttf><C:/Windows/
Fonts/simhei.ttf><C:/Windows/Fonts/simhei.ttf><C:/Windows/Fonts/simhei.ttf><C:/
Windows/Fonts/simhei.ttf><C:/Windows/Fonts/simhei.ttf><C:/Windows/Fonts/simhei.
ttf><C:/Windows/Fonts/simsun.ttc><C:/Windows/Fonts/simsun.ttc><C:/Windows/Fonts
/simsun.ttc><C:/Windows/Fonts/simsun.ttc><C:/Windows/Fonts/simsun.ttc><C:/Windo
ws/Fonts/simsun.ttc><C:/Windows/Fonts/simsun.ttc><C:/Windows/Fonts/simsun.ttc><
C:/Windows/Fonts/simsun.ttc><C:/Windows/Fonts/simsun.ttc><C:/Windows/Fonts/sims
un.ttc><C:/Windows/Fonts/simsun.ttc><C:/Windows/Fonts/simsun.ttc><C:/Windows/Fo
nts/simsun.ttc><C:/Windows/Fonts/simsun.ttc><C:/Windows/Fonts/simsun.ttc><C:/Wi
ndows/Fonts/simsun.ttc><C:/Windows/Fonts/simsun.ttc><C:/Windows/Fonts/simsun.tt
c><D:/Software/MiKTex/fonts/type1/public/amsfonts/cm/cmbx12.pfb><D:/Software/Mi
KTex/fonts/type1/public/amsfonts/cm/cmr10.pfb><D:/Software/MiKTex/fonts/type1/p
ublic/amsfonts/cm/cmr12.pfb><D:/Software/MiKTex/fonts/type1/public/amsfonts/cm/
cmr8.pfb><D:/Software/MiKTex/fonts/type1/public/amsfonts/cm/cmsy6.pfb><D:/Softw
are/MiKTex/fonts/type1/public/amsfonts/cm/cmsy8.pfb>
Output written on "Dynamic Decoupling of Multi-Axis Force Sensor based on Incre
mental Learning.pdf" (1 page, 498910 bytes).
PDF statistics:
 438 PDF objects out of 1000 (max. 8388607)
 7 named destinations out of 1000 (max. 500000)
 297 words of extra memory for PDF output out of 10000 (max. 10000000)

